S=C=A=N: Thu Jun 20 01:49:34 2019: Collect start
 ./foo2
No of processors : 4
10000
10000Running to find adjacent points
**
0
**
500
**
**
15001000

**
600
**
100
**
1100
**
1600
**
200
**
700
**
1700
**
1200
**
1800
**
300
**
800
**
1300
**
400
**
900
**
1900
**
1400
**
2000
**
2500
**
3000
**
3500
**
3100
**
2600
**
2100
**
3600
**
2700
**
3200
**
2200
**
3700
**
2800
**
2300
**
3300
**
3800
**
2900
**
2400
**
3400
**
3900
**
4000
**
4500
**
5000
**
5500
**
4100
**
4600
**
5100
**
5600
**
4200
**
4700
**
5200
**
5700
**
4300
**
4800
**
5300
**
5800
**
4400
**
4900
**
5900
**
5400
**
6000
**
6500
**
7000
**
7500
**
6100
**
7100
**
6600
**
7600
**
6200
**
7200
**
6700
**
7700
**
6300
**
6800
**
7300
**
7800
**
6400
**
6900
**
7400
**
7900
**
8000
**
8500
**
9000
**
9500
**
8100
**
8600
**
9100
**
9600
**
8200
**
8700
**
9200
**
9700
**
8300
**
8800
**
9300
**
9800
**
8400
**
8900
**
9400
**
9900
Time taken in microseconds: 1687818027 1687819530
S=C=A=N: Thu Jun 20 02:17:44 2019: Collect done (status=0) 1690s
